program -> (-1, -1)
[ -> (-1, -1)
var -> (-1, -1)
identifier -> (46, 0)
= -> (-1, -1)
int const -> (5, 0)
var -> (-1, -1)
identifier -> (6, 0)
= -> (-1, -1)
int const -> (0, 0)
for -> (-1, -1)
{ -> (-1, -1)
var -> (-1, -1)
identifier -> (41, 0)
= -> (-1, -1)
int const -> (0, 0)
; -> (-1, -1)
identifier -> (41, 0)
< -> (-1, -1)
identifier -> (46, 0)
; -> (-1, -1)
identifier -> (41, 0)
++ -> (-1, -1)
} -> (-1, -1)
[ -> (-1, -1)
print -> (-1, -1)
{ -> (-1, -1)
str const -> (41, 0)
} -> (-1, -1)
var -> (-1, -1)
identifier -> (0, 0)
input -> (-1, -1)
{ -> (-1, -1)
identifier -> (0, 0)
} -> (-1, -1)
if -> (-1, -1)
{ -> (-1, -1)
identifier -> (41, 0)
= -> (-1, -1)
= -> (-1, -1)
int const -> (0, 0)
str const -> (40, 0)
identifier -> (0, 0)
> -> (-1, -1)
identifier -> (6, 0)
} -> (-1, -1)
[ -> (-1, -1)
identifier -> (6, 0)
= -> (-1, -1)
identifier -> (0, 0)
] -> (-1, -1)
] -> (-1, -1)
print -> (-1, -1)
{ -> (-1, -1)
str const -> (45, 0)
++ -> (-1, -1)
identifier -> (46, 0)
++ -> (-1, -1)
str const -> (42, 0)
++ -> (-1, -1)
identifier -> (6, 0)
} -> (-1, -1)
] -> (-1, -1)
