program -> (-1, -1)
[ -> (-1, -1)
var -> (-1, -1)
identifier -> (33, 0)
= -> (-1, -1)
int const -> (10, 0)
var -> (-1, -1)
identifier -> (34, 0)
= -> (-1, -1)
int const -> (20, 0)
var -> (-1, -1)
identifier -> (35, 0)
= -> (-1, -1)
int const -> (30, 0)
var -> (-1, -1)
identifier -> (5, 0)
= -> (-1, -1)
identifier -> (1, 0)
++ -> (-1, -1)
identifier -> (2, 0)
++ -> (-1, -1)
identifier -> (3, 0)
var -> (-1, -1)
identifier -> (11, 0)
= -> (-1, -1)
identifier -> (5, 0)
// -> (-1, -1)
int const -> (3, 0)
print -> (-1, -1)
{ -> (-1, -1)
str const -> (4, 0)
++ -> (-1, -1)
identifier -> (11, 0)
} -> (-1, -1)
] -> (-1, -1)
