program -> (-1, -1)
[ -> (-1, -1)
var -> (-1, -1)
identifier -> (1, 0)
= -> (-1, -1)
int const -> (1, 0)
var -> (-1, -1)
identifier -> (2, 0)
= -> (-1, -1)
int const -> (13, 0)
var -> (-1, -1)
identifier -> (46, 0)
= -> (-1, -1)
int const -> (1, 1)
if -> (-1, -1)
{ -> (-1, -1)
identifier -> (1, 0)
= -> (-1, -1)
= -> (-1, -1)
int const -> (0, 0)
} -> (-1, -1)
[ -> (-1, -1)
identifier -> (46, 0)
= -> (-1, -1)
identifier -> (2, 0)
] -> (-1, -1)
else -> (-1, -1)
if -> (-1, -1)
{ -> (-1, -1)
identifier -> (2, 0)
= -> (-1, -1)
= -> (-1, -1)
int const -> (0, 0)
} -> (-1, -1)
[ -> (-1, -1)
identifier -> (46, 0)
= -> (-1, -1)
identifier -> (1, 0)
] -> (-1, -1)
else -> (-1, -1)
[ -> (-1, -1)
while -> (-1, -1)
{ -> (-1, -1)
identifier -> (1, 0)
!= -> (-1, -1)
identifier -> (2, 0)
} -> (-1, -1)
[ -> (-1, -1)
if -> (-1, -1)
{ -> (-1, -1)
identifier -> (1, 0)
> -> (-1, -1)
identifier -> (2, 0)
} -> (-1, -1)
[ -> (-1, -1)
identifier -> (1, 0)
= -> (-1, -1)
identifier -> (1, 0)
-- -> (-1, -1)
identifier -> (2, 0)
] -> (-1, -1)
else -> (-1, -1)
[ -> (-1, -1)
identifier -> (2, 0)
= -> (-1, -1)
identifier -> (2, 0)
-- -> (-1, -1)
identifier -> (1, 0)
] -> (-1, -1)
] -> (-1, -1)
identifier -> (46, 0)
= -> (-1, -1)
identifier -> (1, 0)
] -> (-1, -1)
print -> (-1, -1)
{ -> (-1, -1)
str const -> (12, 0)
++ -> (-1, -1)
identifier -> (1, 0)
++ -> (-1, -1)
str const -> (43, 0)
++ -> (-1, -1)
identifier -> (2, 0)
++ -> (-1, -1)
str const -> (14, 0)
++ -> (-1, -1)
identifier -> (46, 0)
} -> (-1, -1)
] -> (-1, -1)
